0 info it worked if it ends with ok
1 verbose cli [ '/usr/bin/node', '/usr/bin/npm', 'run', 'browser-test' ]
2 info using npm@3.10.10
3 info using node@v6.17.1
4 verbose run-script [ 'prebrowser-test', 'browser-test', 'postbrowser-test' ]
5 info lifecycle team11@1.0.0~prebrowser-test: team11@1.0.0
6 silly lifecycle team11@1.0.0~prebrowser-test: no script for prebrowser-test, continuing
7 info lifecycle team11@1.0.0~browser-test: team11@1.0.0
8 verbose lifecycle team11@1.0.0~browser-test: unsafe-perm in lifecycle true
9 verbose lifecycle team11@1.0.0~browser-test: PATH: /usr/lib/node_modules/npm/bin/node-gyp-bin:/mnt/c/Users/Algeon/Team11/node_modules/.bin:/usr/local/sbin:/usr/local/bin:/usr/sbin:/usr/bin:/sbin:/bin:/usr/games:/usr/local/games:/mnt/c/Program Files (x86)/NVIDIA Corporation/PhysX/Common:/mnt/c/Program Files (x86)/Intel/iCLS Client:/mnt/c/Program Files/Intel/iCLS Client:/mnt/c/Windows/System32:/mnt/c/Windows:/mnt/c/Windows/System32/wbem:/mnt/c/Windows/System32/WindowsPowerShell/v1.0:/mnt/c/Program Files (x86)/Intel/Intel(R) Management Engine Components/DAL:/mnt/c/Program Files/Intel/Intel(R) Management Engine Components/DAL:/mnt/c/Program Files (x86)/Intel/Intel(R) Management Engine Components/IPT:/mnt/c/Program Files/Intel/Intel(R) Management Engine Components/IPT:/mnt/c/Program Files/MATLAB/R2017b/runtime/win64:/mnt/c/Program Files/MATLAB/R2017b/bin:/mnt/c/Program Files/Intel/WiFi/bin:/mnt/c/Program Files/Common Files/Intel/WirelessCommon:/mnt/c/Windows/System32/OpenSSH:/mnt/c/Program Files/Git/cmd:/mnt/c/Program Files/PuTTY:/mnt/c/Users/Algeon/AppData/Roaming/nvm:/mnt/c/Program Files/nodejs:/mnt/c/ProgramData/chocolatey/bin:/mnt/c/Program Files/nodejs:/mnt/c/Users/Algeon/AppData/Local/Microsoft/WindowsApps:/mnt/c/Users/Algeon/AppData/Local/Programs/Microsoft VS Code/bin:/mnt/c/Users/Algeon/AppData/Local/Google/Cloud SDK/google-cloud-sdk/bin:/mnt/c/Users/Algeon/AppData/Local/JetBrains/PyCharm Community Edition 2018.3.3/bin:/mnt/c/Users/Algeon/AppData/Roaming/nvm:/mnt/c/Program Files/nodejs:/mnt/c/Users/Algeon/AppData/Roaming/npm:/snap/bin
10 verbose lifecycle team11@1.0.0~browser-test: CWD: /mnt/c/Users/Algeon/Team11
11 silly lifecycle team11@1.0.0~browser-test: Args: [ '-c',
11 silly lifecycle   'testcafe chrome,firefox test/raw-beer-cafeTest.js --skip-js-errors' ]
12 silly lifecycle team11@1.0.0~browser-test: Returned: code: 1  signal: null
13 info lifecycle team11@1.0.0~browser-test: Failed to exec browser-test script
14 verbose stack Error: team11@1.0.0 browser-test: `testcafe chrome,firefox test/raw-beer-cafeTest.js --skip-js-errors`
14 verbose stack Exit status 1
14 verbose stack     at EventEmitter.<anonymous> (/usr/lib/node_modules/npm/lib/utils/lifecycle.js:255:16)
14 verbose stack     at emitTwo (events.js:106:13)
14 verbose stack     at EventEmitter.emit (events.js:191:7)
14 verbose stack     at ChildProcess.<anonymous> (/usr/lib/node_modules/npm/lib/utils/spawn.js:40:14)
14 verbose stack     at emitTwo (events.js:106:13)
14 verbose stack     at ChildProcess.emit (events.js:191:7)
14 verbose stack     at maybeClose (internal/child_process.js:920:16)
14 verbose stack     at Process.ChildProcess._handle.onexit (internal/child_process.js:230:5)
15 verbose pkgid team11@1.0.0
16 verbose cwd /mnt/c/Users/Algeon/Team11
17 error Linux 4.4.0-17134-Microsoft
18 error argv "/usr/bin/node" "/usr/bin/npm" "run" "browser-test"
19 error node v6.17.1
20 error npm  v3.10.10
21 error code ELIFECYCLE
22 error team11@1.0.0 browser-test: `testcafe chrome,firefox test/raw-beer-cafeTest.js --skip-js-errors`
22 error Exit status 1
23 error Failed at the team11@1.0.0 browser-test script 'testcafe chrome,firefox test/raw-beer-cafeTest.js --skip-js-errors'.
23 error Make sure you have the latest version of node.js and npm installed.
23 error If you do, this is most likely a problem with the team11 package,
23 error not with npm itself.
23 error Tell the author that this fails on your system:
23 error     testcafe chrome,firefox test/raw-beer-cafeTest.js --skip-js-errors
23 error You can get information on how to open an issue for this project with:
23 error     npm bugs team11
23 error Or if that isn't available, you can get their info via:
23 error     npm owner ls team11
23 error There is likely additional logging output above.
24 verbose exit [ 1, true ]
